<?xml version="1.0" encoding="UTF-8"?>
<!-- Generated by org.testng.reporters.JUnitReportReporter -->
<testsuite hostname="parviz-HP" name="com.qa.test.CareFirst" tests="1" failures="0" timestamp="26 Mar 2014 01:19:01 GMT" time="92.143" errors="0">
  <testcase name="f" time="92.143" classname="com.qa.test.CareFirst"/>
</testsuite> <!-- com.qa.test.CareFirst -->
