<?xml version="1.0" encoding="UTF-8"?>
<!-- Generated by org.testng.reporters.JUnitReportReporter -->
<testsuite hostname="parviz-HP" name="com.qa.test.CareFirst" tests="1" failures="0" timestamp="25 Mar 2014 01:40:58 GMT" time="136.217" errors="0">
  <testcase name="f" time="136.217" classname="com.qa.test.CareFirst"/>
</testsuite> <!-- com.qa.test.CareFirst -->
