<?xml version="1.0" encoding="UTF-8"?>
<!-- Generated by org.testng.reporters.JUnitReportReporter -->
<testsuite hostname="parviz-HP" name="com.qa.test.CareFirst" tests="1" failures="0" timestamp="29 Mar 2014 18:33:33 GMT" time="45.279" errors="0">
  <testcase name="f" time="45.279" classname="com.qa.test.CareFirst"/>
</testsuite> <!-- com.qa.test.CareFirst -->
