<?xml version="1.0" encoding="UTF-8"?>
<!-- Generated by org.testng.reporters.JUnitReportReporter -->
<testsuite hostname="parviz-HP" name="com.qa.test.CareFirst" tests="1" failures="0" timestamp="24 Mar 2014 02:58:54 GMT" time="52.489" errors="0">
  <testcase name="f" time="52.489" classname="com.qa.test.CareFirst"/>
</testsuite> <!-- com.qa.test.CareFirst -->
