<?xml version="1.0" encoding="UTF-8"?>
<!-- Generated by org.testng.reporters.JUnitReportReporter -->
<testsuite hostname="parviz-HP" name="com.qa.test.CareFirst" tests="1" failures="0" timestamp="29 Mar 2014 16:11:35 GMT" time="87.175" errors="0">
  <testcase name="f" time="87.175" classname="com.qa.test.CareFirst"/>
</testsuite> <!-- com.qa.test.CareFirst -->
